[debug] [2021-08-10T21:21:57.109Z] ----------------------------------------------------------------------
[debug] [2021-08-10T21:21:57.111Z] Command:       /usr/local/bin/node /usr/local/bin/firebase init
[debug] [2021-08-10T21:21:57.111Z] CLI Version:   9.16.0
[debug] [2021-08-10T21:21:57.112Z] Platform:      darwin
[debug] [2021-08-10T21:21:57.112Z] Node Version:  v12.18.4
[debug] [2021-08-10T21:21:57.113Z] Time:          Tue Aug 10 2021 17:21:57 GMT-0400 (Eastern Daylight Time)
[debug] [2021-08-10T21:21:57.113Z] ----------------------------------------------------------------------
[debug] 
[debug] [2021-08-10T21:21:57.117Z] > command requires scopes: ["email","openid","https://www.googleapis.com/auth/cloudplatformprojects.readonly","https://www.googleapis.com/auth/firebase","https://www.googleapis.com/auth/cloud-platform"]
[debug] [2021-08-10T21:21:57.118Z] > authorizing via signed-in user (alexander244real@gmail.com)
[info] 
     ######## #### ########  ######## ########     ###     ######  ########
     ##        ##  ##     ## ##       ##     ##  ##   ##  ##       ##
     ######    ##  ########  ######   ########  #########  ######  ######
     ##        ##  ##    ##  ##       ##     ## ##     ##       ## ##
     ##       #### ##     ## ######## ########  ##     ##  ######  ########

You're about to initialize a Firebase project in this directory:

  /Users/alexa/Desktop/File Server 2/canvas

[info] 
=== Project Setup
[info] 
[info] First, let's associate this project directory with a Firebase project.
[info] You can create multiple project aliases by running firebase use --add, 
[info] but for now we'll just set up a default project.
[info] 
[debug] [2021-08-10T21:22:18.051Z] >>> [apiv2][query] GET https://firebase.googleapis.com/v1beta1/projects pageSize=100
[debug] [2021-08-10T21:22:18.372Z] <<< [apiv2][status] GET https://firebase.googleapis.com/v1beta1/projects 200
[debug] [2021-08-10T21:22:18.372Z] <<< [apiv2][body] GET https://firebase.googleapis.com/v1beta1/projects [omitted]
[info] i  Using project arcadeviva (ArcadeViva) 
[info] 
=== Hosting Setup
[info] 
[info] Your public directory is the folder (relative to your project directory) that
[info] will contain Hosting assets to be uploaded with firebase deploy. If you
[info] have a build process for your assets, use your build's output directory.
[info] 
[debug] [2021-08-10T21:24:34.284Z] ----------------------------------------------------------------------
[debug] [2021-08-10T21:24:34.285Z] Command:       /usr/local/bin/node /usr/local/bin/firebase init
[debug] [2021-08-10T21:24:34.286Z] CLI Version:   9.16.0
[debug] [2021-08-10T21:24:34.286Z] Platform:      darwin
[debug] [2021-08-10T21:24:34.286Z] Node Version:  v12.18.4
[debug] [2021-08-10T21:24:34.287Z] Time:          Tue Aug 10 2021 17:24:34 GMT-0400 (Eastern Daylight Time)
[debug] [2021-08-10T21:24:34.287Z] ----------------------------------------------------------------------
[debug] 
[debug] [2021-08-10T21:24:34.291Z] > command requires scopes: ["email","openid","https://www.googleapis.com/auth/cloudplatformprojects.readonly","https://www.googleapis.com/auth/firebase","https://www.googleapis.com/auth/cloud-platform"]
[debug] [2021-08-10T21:24:34.292Z] > authorizing via signed-in user (alexander244real@gmail.com)
[info] 
     ######## #### ########  ######## ########     ###     ######  ########
     ##        ##  ##     ## ##       ##     ##  ##   ##  ##       ##
     ######    ##  ########  ######   ########  #########  ######  ######
     ##        ##  ##    ##  ##       ##     ## ##     ##       ## ##
     ##       #### ##     ## ######## ########  ##     ##  ######  ########

You're about to initialize a Firebase project in this directory:

  /Users/alexa/Desktop/File Server 2/canvas

[info] 
=== Project Setup
[info] 
[info] First, let's associate this project directory with a Firebase project.
[info] You can create multiple project aliases by running firebase use --add, 
[info] but for now we'll just set up a default project.
[info] 
[debug] [2021-08-10T21:24:40.643Z] >>> [apiv2][query] GET https://firebase.googleapis.com/v1beta1/projects pageSize=100
[debug] [2021-08-10T21:24:40.939Z] <<< [apiv2][status] GET https://firebase.googleapis.com/v1beta1/projects 200
[debug] [2021-08-10T21:24:40.940Z] <<< [apiv2][body] GET https://firebase.googleapis.com/v1beta1/projects [omitted]
[info] i  Using project arcadeviva (ArcadeViva) 
[info] 
=== Hosting Setup
[info] 
[info] Your public directory is the folder (relative to your project directory) that
[info] will contain Hosting assets to be uploaded with firebase deploy. If you
[info] have a build process for your assets, use your build's output directory.
[info] 
